2019-05-18T03:10:33.832380Z 0 [Warning] InnoDB: New log files created, LSN=45790
2019-05-18T03:10:34.138293Z 0 [Warning] InnoDB: Creating foreign key constraint system tables.
2019-05-18T03:10:34.167357Z 0 [Warning] No existing UUID has been found, so we assume that this is the first time that this server has been started. Generating a new UUID: 806439a7-791a-11e9-bf0e-0242ac120002.
2019-05-18T03:10:34.170002Z 0 [Warning] Gtid table is not ready to be used. Table 'mysql.gtid_executed' cannot be opened.
2019-05-18T03:10:34.172959Z 1 [Warning] root@localhost is created with an empty password ! Please consider switching off the --initialize-insecure option.
2019-05-18T03:10:43.563558Z 0 [Warning] Insecure configuration for --secure-file-priv: Location is accessible to all OS users. Consider choosing a different directory.
2019-05-18T03:10:43.563654Z 0 [Note] mysqld (mysqld 5.7.20-log) starting as process 89 ...
2019-05-18T03:10:43.583680Z 0 [Note] InnoDB: PUNCH HOLE support available
2019-05-18T03:10:43.584273Z 0 [Note] InnoDB: Mutexes and rw_locks use GCC atomic builtins
2019-05-18T03:10:43.584739Z 0 [Note] InnoDB: Uses event mutexes
2019-05-18T03:10:43.585318Z 0 [Note] InnoDB: GCC builtin __atomic_thread_fence() is used for memory barrier
2019-05-18T03:10:43.585864Z 0 [Note] InnoDB: Compressed tables use zlib 1.2.3
2019-05-18T03:10:43.586392Z 0 [Note] InnoDB: Using Linux native AIO
2019-05-18T03:10:43.587115Z 0 [Note] InnoDB: Number of pools: 1
2019-05-18T03:10:43.587716Z 0 [Note] InnoDB: Using CPU crc32 instructions
2019-05-18T03:10:43.589487Z 0 [Note] InnoDB: Initializing buffer pool, total size = 128M, instances = 1, chunk size = 128M
2019-05-18T03:10:43.598661Z 0 [Note] InnoDB: Completed initialization of buffer pool
2019-05-18T03:10:43.601977Z 0 [Note] InnoDB: If the mysqld execution user is authorized, page cleaner thread priority can be changed. See the man page of setpriority().
2019-05-18T03:10:43.645318Z 0 [Note] InnoDB: Highest supported file format is Barracuda.
2019-05-18T03:10:43.779207Z 0 [Note] InnoDB: Creating shared tablespace for temporary tables
2019-05-18T03:10:43.780483Z 0 [Note] InnoDB: Setting file './ibtmp1' size to 12 MB. Physically writing the file full; Please wait ...
2019-05-18T03:10:43.899215Z 0 [Note] InnoDB: File './ibtmp1' size is now 12 MB.
2019-05-18T03:10:43.905948Z 0 [Note] InnoDB: 96 redo rollback segment(s) found. 96 redo rollback segment(s) are active.
2019-05-18T03:10:43.906600Z 0 [Note] InnoDB: 32 non-redo rollback segment(s) are active.
2019-05-18T03:10:43.908454Z 0 [Note] InnoDB: 5.7.20 started; log sequence number 2565857
2019-05-18T03:10:43.909521Z 0 [Note] Plugin 'FEDERATED' is disabled.
2019-05-18T03:10:43.911429Z 0 [Note] InnoDB: Loading buffer pool(s) from /var/lib/mysql/ib_buffer_pool
2019-05-18T03:10:43.955164Z 0 [Note] InnoDB: Buffer pool(s) load completed at 190518 12:10:43
2019-05-18T03:10:43.979831Z 0 [Note] Found ca.pem, server-cert.pem and server-key.pem in data directory. Trying to enable SSL support using them.
2019-05-18T03:10:43.990892Z 0 [Warning] CA certificate ca.pem is self signed.
2019-05-18T03:10:44.499232Z 0 [Note] Event Scheduler: Loaded 0 events
2019-05-18T03:10:44.500336Z 0 [Note] mysqld: ready for connections.
Version: '5.7.20-log'  socket: '/var/run/mysqld/mysqld.sock'  port: 0  MySQL Community Server (GPL)
2019-05-18T03:10:44.500955Z 0 [Note] Executing 'SELECT * FROM INFORMATION_SCHEMA.TABLES;' to get a list of tables using the deprecated partition engine. You may use the startup option '--disable-partition-engine-check' to skip this check. 
2019-05-18T03:10:44.501404Z 0 [Note] Beginning of list of non-natively partitioned tables
2019-05-18T03:10:44.996986Z 0 [Note] End of list of non-natively partitioned tables
2019-05-18T03:10:53.281388Z 0 [Note] Giving 0 client threads a chance to die gracefully
2019-05-18T03:10:53.281704Z 0 [Note] Shutting down slave threads
2019-05-18T03:10:53.282010Z 0 [Note] Forcefully disconnecting 0 remaining clients
2019-05-18T03:10:53.282304Z 0 [Note] Event Scheduler: Purging the queue. 0 events
2019-05-18T03:10:53.282661Z 0 [Note] Binlog end
2019-05-18T03:10:53.293685Z 0 [Note] Shutting down plugin 'ngram'
2019-05-18T03:10:53.294001Z 0 [Note] Shutting down plugin 'BLACKHOLE'
2019-05-18T03:10:53.294328Z 0 [Note] Shutting down plugin 'partition'
2019-05-18T03:10:53.294672Z 0 [Note] Shutting down plugin 'ARCHIVE'
2019-05-18T03:10:53.294980Z 0 [Note] Shutting down plugin 'INNODB_SYS_VIRTUAL'
2019-05-18T03:10:53.295301Z 0 [Note] Shutting down plugin 'INNODB_SYS_DATAFILES'
2019-05-18T03:10:53.295611Z 0 [Note] Shutting down plugin 'INNODB_SYS_TABLESPACES'
2019-05-18T03:10:53.295919Z 0 [Note] Shutting down plugin 'INNODB_SYS_FOREIGN_COLS'
2019-05-18T03:10:53.296239Z 0 [Note] Shutting down plugin 'INNODB_SYS_FOREIGN'
2019-05-18T03:10:53.296548Z 0 [Note] Shutting down plugin 'INNODB_SYS_FIELDS'
2019-05-18T03:10:53.296859Z 0 [Note] Shutting down plugin 'INNODB_SYS_COLUMNS'
2019-05-18T03:10:53.297226Z 0 [Note] Shutting down plugin 'INNODB_SYS_INDEXES'
2019-05-18T03:10:53.297614Z 0 [Note] Shutting down plugin 'INNODB_SYS_TABLESTATS'
2019-05-18T03:10:53.297930Z 0 [Note] Shutting down plugin 'INNODB_SYS_TABLES'
2019-05-18T03:10:53.298241Z 0 [Note] Shutting down plugin 'INNODB_FT_INDEX_TABLE'
2019-05-18T03:10:53.298536Z 0 [Note] Shutting down plugin 'INNODB_FT_INDEX_CACHE'
2019-05-18T03:10:53.298845Z 0 [Note] Shutting down plugin 'INNODB_FT_CONFIG'
2019-05-18T03:10:53.299164Z 0 [Note] Shutting down plugin 'INNODB_FT_BEING_DELETED'
2019-05-18T03:10:53.299471Z 0 [Note] Shutting down plugin 'INNODB_FT_DELETED'
2019-05-18T03:10:53.299990Z 0 [Note] Shutting down plugin 'INNODB_FT_DEFAULT_STOPWORD'
2019-05-18T03:10:53.300313Z 0 [Note] Shutting down plugin 'INNODB_METRICS'
2019-05-18T03:10:53.300600Z 0 [Note] Shutting down plugin 'INNODB_TEMP_TABLE_INFO'
2019-05-18T03:10:53.300910Z 0 [Note] Shutting down plugin 'INNODB_BUFFER_POOL_STATS'
2019-05-18T03:10:53.301220Z 0 [Note] Shutting down plugin 'INNODB_BUFFER_PAGE_LRU'
2019-05-18T03:10:53.301526Z 0 [Note] Shutting down plugin 'INNODB_BUFFER_PAGE'
2019-05-18T03:10:53.301832Z 0 [Note] Shutting down plugin 'INNODB_CMP_PER_INDEX_RESET'
2019-05-18T03:10:53.302141Z 0 [Note] Shutting down plugin 'INNODB_CMP_PER_INDEX'
2019-05-18T03:10:53.302461Z 0 [Note] Shutting down plugin 'INNODB_CMPMEM_RESET'
2019-05-18T03:10:53.302805Z 0 [Note] Shutting down plugin 'INNODB_CMPMEM'
2019-05-18T03:10:53.303151Z 0 [Note] Shutting down plugin 'INNODB_CMP_RESET'
2019-05-18T03:10:53.303474Z 0 [Note] Shutting down plugin 'INNODB_CMP'
2019-05-18T03:10:53.303785Z 0 [Note] Shutting down plugin 'INNODB_LOCK_WAITS'
2019-05-18T03:10:53.304094Z 0 [Note] Shutting down plugin 'INNODB_LOCKS'
2019-05-18T03:10:53.304476Z 0 [Note] Shutting down plugin 'INNODB_TRX'
2019-05-18T03:10:53.304795Z 0 [Note] Shutting down plugin 'InnoDB'
2019-05-18T03:10:53.305405Z 0 [Note] InnoDB: FTS optimize thread exiting.
2019-05-18T03:10:53.305959Z 0 [Note] InnoDB: Starting shutdown...
2019-05-18T03:10:53.412300Z 0 [Note] InnoDB: Dumping buffer pool(s) to /var/lib/mysql/ib_buffer_pool
2019-05-18T03:10:53.417761Z 0 [Note] InnoDB: Buffer pool(s) dump completed at 190518 12:10:53
2019-05-18T03:10:54.869480Z 0 [Note] InnoDB: Shutdown completed; log sequence number 12157702
2019-05-18T03:10:54.872795Z 0 [Note] InnoDB: Removed temporary tablespace data file: "ibtmp1"
2019-05-18T03:10:54.873319Z 0 [Note] Shutting down plugin 'MRG_MYISAM'
2019-05-18T03:10:54.873813Z 0 [Note] Shutting down plugin 'MyISAM'
2019-05-18T03:10:54.874394Z 0 [Note] Shutting down plugin 'CSV'
2019-05-18T03:10:54.874870Z 0 [Note] Shutting down plugin 'MEMORY'
2019-05-18T03:10:54.875405Z 0 [Note] Shutting down plugin 'PERFORMANCE_SCHEMA'
2019-05-18T03:10:54.875846Z 0 [Note] Shutting down plugin 'sha256_password'
2019-05-18T03:10:54.876356Z 0 [Note] Shutting down plugin 'mysql_native_password'
2019-05-18T03:10:54.876910Z 0 [Note] Shutting down plugin 'binlog'
2019-05-18T03:10:54.885805Z 0 [Note] mysqld: Shutdown complete

2019-05-18T03:10:55.171863Z 0 [Warning] Insecure configuration for --secure-file-priv: Location is accessible to all OS users. Consider choosing a different directory.
2019-05-18T03:10:55.171994Z 0 [Note] mysqld (mysqld 5.7.20-log) starting as process 1 ...
2019-05-18T03:10:55.188117Z 0 [Note] InnoDB: PUNCH HOLE support available
2019-05-18T03:10:55.188589Z 0 [Note] InnoDB: Mutexes and rw_locks use GCC atomic builtins
2019-05-18T03:10:55.188906Z 0 [Note] InnoDB: Uses event mutexes
2019-05-18T03:10:55.189203Z 0 [Note] InnoDB: GCC builtin __atomic_thread_fence() is used for memory barrier
2019-05-18T03:10:55.189627Z 0 [Note] InnoDB: Compressed tables use zlib 1.2.3
2019-05-18T03:10:55.189987Z 0 [Note] InnoDB: Using Linux native AIO
2019-05-18T03:10:55.190720Z 0 [Note] InnoDB: Number of pools: 1
2019-05-18T03:10:55.191265Z 0 [Note] InnoDB: Using CPU crc32 instructions
2019-05-18T03:10:55.192844Z 0 [Note] InnoDB: Initializing buffer pool, total size = 128M, instances = 1, chunk size = 128M
2019-05-18T03:10:55.202036Z 0 [Note] InnoDB: Completed initialization of buffer pool
2019-05-18T03:10:55.204595Z 0 [Note] InnoDB: If the mysqld execution user is authorized, page cleaner thread priority can be changed. See the man page of setpriority().
2019-05-18T03:10:55.252817Z 0 [Note] InnoDB: Highest supported file format is Barracuda.
2019-05-18T03:10:55.338460Z 0 [Note] InnoDB: Creating shared tablespace for temporary tables
2019-05-18T03:10:55.339643Z 0 [Note] InnoDB: Setting file './ibtmp1' size to 12 MB. Physically writing the file full; Please wait ...
2019-05-18T03:10:55.412814Z 0 [Note] InnoDB: File './ibtmp1' size is now 12 MB.
2019-05-18T03:10:55.417823Z 0 [Note] InnoDB: 96 redo rollback segment(s) found. 96 redo rollback segment(s) are active.
2019-05-18T03:10:55.418406Z 0 [Note] InnoDB: 32 non-redo rollback segment(s) are active.
2019-05-18T03:10:55.420538Z 0 [Note] InnoDB: 5.7.20 started; log sequence number 12157702
2019-05-18T03:10:55.421344Z 0 [Note] Plugin 'FEDERATED' is disabled.
2019-05-18T03:10:55.422754Z 0 [Note] InnoDB: Loading buffer pool(s) from /var/lib/mysql/ib_buffer_pool
2019-05-18T03:10:55.481602Z 0 [Note] InnoDB: Buffer pool(s) load completed at 190518 12:10:55
2019-05-18T03:10:55.484076Z 0 [Note] Found ca.pem, server-cert.pem and server-key.pem in data directory. Trying to enable SSL support using them.
2019-05-18T03:10:55.491215Z 0 [Warning] CA certificate ca.pem is self signed.
2019-05-18T03:10:55.493133Z 0 [Note] Server hostname (bind-address): '*'; port: 3306
2019-05-18T03:10:55.493441Z 0 [Note] IPv6 is available.
2019-05-18T03:10:55.493710Z 0 [Note]   - '::' resolves to '::';
2019-05-18T03:10:55.494004Z 0 [Note] Server socket created on IP: '::'.
2019-05-18T03:10:55.792088Z 0 [Note] Event Scheduler: Loaded 0 events
2019-05-18T03:10:55.792788Z 0 [Note] mysqld: ready for connections.
Version: '5.7.20-log'  socket: '/var/run/mysqld/mysqld.sock'  port: 3306  MySQL Community Server (GPL)
2019-05-18T03:10:55.793103Z 0 [Note] Executing 'SELECT * FROM INFORMATION_SCHEMA.TABLES;' to get a list of tables using the deprecated partition engine. You may use the startup option '--disable-partition-engine-check' to skip this check. 
2019-05-18T03:10:55.793383Z 0 [Note] Beginning of list of non-natively partitioned tables
2019-05-18T03:10:56.210821Z 0 [Note] End of list of non-natively partitioned tables
